Start testing: May 09 16:53 ?D1迆㊣那℅?那㊣??
----------------------------------------------------------
Unable to find executable: E:/Study/cppnanomsg/build/binding
1/1 Testing: test
1/1 Test: test
Command: ""
Directory: E:/Study/cppnanomsg/build
"test" start time: 
Output:
----------------------------------------------------------
<end of output>
Test time =   0.00 sec
----------------------------------------------------------
Test Passed.
"test" end time: May 09 16:53 ?D1迆㊣那℅?那㊣??
"test" time elapsed: 00:00:00
----------------------------------------------------------

End testing: May 09 16:53 ?D1迆㊣那℅?那㊣??
